/*C7*/SET SCHEMA PUBLIC
DISCONNECT
/*C6*/SET SCHEMA PUBLIC
DISCONNECT
/*C9*/SET SCHEMA PUBLIC
DISCONNECT
/*C5*/SET SCHEMA PUBLIC
DISCONNECT
/*C10*/SET SCHEMA PUBLIC
DISCONNECT
/*C8*/SET SCHEMA PUBLIC
DISCONNECT
/*C4*/SET SCHEMA PUBLIC
DISCONNECT
/*C14*/SET SCHEMA PUBLIC
DISCONNECT
/*C12*/SET SCHEMA PUBLIC
DISCONNECT
/*C15*/SET SCHEMA PUBLIC
DISCONNECT
/*C17*/SET SCHEMA PUBLIC
DISCONNECT
/*C16*/SET SCHEMA PUBLIC
DISCONNECT
/*C18*/SET SCHEMA PUBLIC
DISCONNECT
/*C19*/SET SCHEMA PUBLIC
DISCONNECT
/*C20*/SET SCHEMA PUBLIC
DISCONNECT
/*C21*/SET SCHEMA PUBLIC
INSERT INTO DOMICILIO VALUES(7,'Maip\u00fa','0','',1210,2,1)
INSERT INTO TELEFONO VALUES(9,'011-4310500',1)
INSERT INTO TELEFONO VALUES(10,'02474-430660',1)
INSERT INTO DOMICILIO VALUES(8,'Ruta 191','0','2741',100,0,3)
INSERT INTO PLANTA VALUES(3,'Bagley - Salto',8,NULL,NULL,NULL)
INSERT INTO TELEFONO VALUES(11,'02657-431008',1)
INSERT INTO DOMICILIO VALUES(9,'Ruta 7','0','D5730BCA',704,0,3)
INSERT INTO PLANTA VALUES(4,'Bagley - Villa Mercedes',9,NULL,NULL,NULL)
INSERT INTO EMPRESA VALUES(7,'Grupo Arcor S.A.','30-70700639-7','arcor@arcor.com','www.arcor.com',7,'modelo.EstadoEmpresaAlta')
INSERT INTO EMPRESACLIENTE VALUES(7)
INSERT INTO PLANTAXTELEFONO VALUES(3,10)
INSERT INTO PLANTAXTELEFONO VALUES(4,11)
INSERT INTO EMPRESAXTELEFONO VALUES(7,9)
DELETE FROM PLANTA WHERE ID_PLANTA=3
INSERT INTO PLANTA VALUES(3,'Bagley - Salto',8,NULL,7,0)
DELETE FROM PLANTA WHERE ID_PLANTA=4
INSERT INTO PLANTA VALUES(4,'Bagley - Villa Mercedes',9,NULL,7,1)
COMMIT
DISCONNECT
/*C26*/SET SCHEMA PUBLIC
DISCONNECT
/*C25*/SET SCHEMA PUBLIC
DISCONNECT
/*C24*/SET SCHEMA PUBLIC
DISCONNECT
/*C29*/SET SCHEMA PUBLIC
DISCONNECT
/*C27*/SET SCHEMA PUBLIC
DISCONNECT
/*C30*/SET SCHEMA PUBLIC
DISCONNECT
/*C28*/SET SCHEMA PUBLIC
DISCONNECT
/*C11*/SET SCHEMA PUBLIC
DISCONNECT
/*C23*/SET SCHEMA PUBLIC
DISCONNECT
/*C13*/SET SCHEMA PUBLIC
DISCONNECT
/*C31*/SET SCHEMA PUBLIC
DELETE FROM USUARIOS WHERE IDUSER=3
INSERT INTO USUARIOS VALUES(3,'Developer','9c24f45a7ea9e4668ee31dc18bd0a9153f1413ceb3fad18b0a07e16e6a9bc587','Alta','/res/imagenes/avatar_002.jpg','1')
COMMIT
DISCONNECT
/*C22*/SET SCHEMA PUBLIC
DISCONNECT
/*C34*/SET SCHEMA PUBLIC
DISCONNECT
/*C32*/SET SCHEMA PUBLIC
DISCONNECT
/*C35*/SET SCHEMA PUBLIC
DISCONNECT
/*C36*/SET SCHEMA PUBLIC
DISCONNECT
/*C37*/SET SCHEMA PUBLIC
DISCONNECT
/*C38*/SET SCHEMA PUBLIC
DISCONNECT
/*C45*/SET SCHEMA PUBLIC
DISCONNECT
/*C43*/SET SCHEMA PUBLIC
DISCONNECT
/*C44*/SET SCHEMA PUBLIC
DISCONNECT
/*C42*/SET SCHEMA PUBLIC
DISCONNECT
/*C46*/SET SCHEMA PUBLIC
INSERT INTO DOMICILIO VALUES(10,'Av. Del Libertador ','B','',7270,11,3)
INSERT INTO TELEFONO VALUES(12,'011-5195 8983',3)
INSERT INTO TELEFONO VALUES(13,'02657-437599',1)
INSERT INTO DOMICILIO VALUES(11,'9 de julio','','5700',857,0,4)
INSERT INTO PLANTA VALUES(5,'OMYA San Luis',11,NULL,NULL,NULL)
INSERT INTO EMPRESA VALUES(8,'OMYA Argentina SA','30609645047','-','http://www.omya.com',10,'modelo.EstadoEmpresaAlta')
INSERT INTO EMPRESACLIENTE VALUES(8)
INSERT INTO PLANTAXTELEFONO VALUES(5,13)
INSERT INTO EMPRESAXTELEFONO VALUES(8,12)
DELETE FROM PLANTA WHERE ID_PLANTA=5
INSERT INTO PLANTA VALUES(5,'OMYA San Luis',11,NULL,8,0)
COMMIT
/*C47*/SET SCHEMA PUBLIC
DISCONNECT
/*C33*/SET SCHEMA PUBLIC
DISCONNECT
/*C41*/SET SCHEMA PUBLIC
DISCONNECT
/*C52*/SET SCHEMA PUBLIC
DISCONNECT
/*C46*/DISCONNECT
/*C40*/SET SCHEMA PUBLIC
DISCONNECT
/*C48*/SET SCHEMA PUBLIC
DISCONNECT
/*C51*/SET SCHEMA PUBLIC
DISCONNECT
/*C49*/SET SCHEMA PUBLIC
DISCONNECT
/*C39*/SET SCHEMA PUBLIC
DISCONNECT
/*C50*/SET SCHEMA PUBLIC
DISCONNECT
/*C53*/SET SCHEMA PUBLIC
DISCONNECT
/*C55*/SET SCHEMA PUBLIC
DISCONNECT
/*C56*/SET SCHEMA PUBLIC
DISCONNECT
/*C58*/SET SCHEMA PUBLIC
DISCONNECT
/*C61*/SET SCHEMA PUBLIC
DISCONNECT
/*C59*/SET SCHEMA PUBLIC
DISCONNECT
/*C63*/SET SCHEMA PUBLIC
DISCONNECT
/*C54*/SET SCHEMA PUBLIC
DISCONNECT
/*C57*/SET SCHEMA PUBLIC
DISCONNECT
/*C64*/SET SCHEMA PUBLIC
INSERT INTO DOMICILIO VALUES(12,'Avenida del Libertador','0','C1428ARV',6550,0,3)
INSERT INTO TELEFONO VALUES(14,'011-57772200',1)
INSERT INTO TELEFONO VALUES(15,'02657-430881',2)
INSERT INTO TELEFONO VALUES(16,'02657-430858',1)
INSERT INTO DOMICILIO VALUES(13,'Ruta 7','0','D5700KZA',700,0,3)
INSERT INTO PLANTA VALUES(6,'Ceramica San Lorenzo',13,NULL,NULL,NULL)
INSERT INTO EMPRESA VALUES(9,'Ceramica San Lorenzo ','30-502786594','info@ceramicasanlorenzo.com','www.ceramicasanlorenzo.com',12,'modelo.EstadoEmpresaAlta')
INSERT INTO EMPRESACLIENTE VALUES(9)
INSERT INTO PLANTAXTELEFONO VALUES(6,15)
INSERT INTO PLANTAXTELEFONO VALUES(6,16)
INSERT INTO EMPRESAXTELEFONO VALUES(9,14)
DELETE FROM PLANTA WHERE ID_PLANTA=6
INSERT INTO PLANTA VALUES(6,'Ceramica San Lorenzo',13,NULL,9,0)
COMMIT
/*C60*/SET SCHEMA PUBLIC
DISCONNECT
/*C64*/DISCONNECT
/*C62*/SET SCHEMA PUBLIC
DISCONNECT
/*C65*/SET SCHEMA PUBLIC
DISCONNECT
/*C70*/SET SCHEMA PUBLIC
DISCONNECT
/*C66*/SET SCHEMA PUBLIC
DISCONNECT
/*C69*/SET SCHEMA PUBLIC
DISCONNECT
/*C67*/SET SCHEMA PUBLIC
DISCONNECT
/*C68*/SET SCHEMA PUBLIC
DISCONNECT
/*C71*/SET SCHEMA PUBLIC
INSERT INTO PROVINCIA VALUES(4,'Buenos Aires',1,2)
COMMIT
INSERT INTO LOCALIDAD VALUES(5,'Buenos Aires',3,3)
COMMIT
INSERT INTO BARRIO VALUES(5,'Recoleta',NULL,5,5)
COMMIT
/*C80*/SET SCHEMA PUBLIC
DISCONNECT
/*C78*/SET SCHEMA PUBLIC
DISCONNECT
/*C76*/SET SCHEMA PUBLIC
DISCONNECT
/*C74*/SET SCHEMA PUBLIC
DISCONNECT
/*C82*/SET SCHEMA PUBLIC
DISCONNECT
/*C72*/SET SCHEMA PUBLIC
DISCONNECT
/*C79*/SET SCHEMA PUBLIC
DISCONNECT
/*C75*/SET SCHEMA PUBLIC
DISCONNECT
/*C73*/SET SCHEMA PUBLIC
DISCONNECT
/*C81*/SET SCHEMA PUBLIC
DISCONNECT
/*C77*/SET SCHEMA PUBLIC
DISCONNECT
/*C71*/DELETE FROM PROVINCIA WHERE IDPROVINCIA=4
INSERT INTO PROVINCIA VALUES(4,'Buenos Aires',1,4)
COMMIT
DELETE FROM LOCALIDAD WHERE IDLOCALIDAD=5
INSERT INTO LOCALIDAD VALUES(5,'Buenos Aires',4,3)
COMMIT
DELETE FROM LOCALIDAD WHERE IDLOCALIDAD=5
INSERT INTO LOCALIDAD VALUES(5,'Buenos Aires',4,4)
COMMIT
/*C85*/SET SCHEMA PUBLIC
DISCONNECT
/*C84*/SET SCHEMA PUBLIC
DISCONNECT
/*C71*/DELETE FROM LOCALIDAD WHERE IDLOCALIDAD=5
INSERT INTO LOCALIDAD VALUES(5,'Buenos Aires',4,0)
COMMIT
/*C86*/SET SCHEMA PUBLIC
DISCONNECT
/*C88*/SET SCHEMA PUBLIC
DISCONNECT
/*C87*/SET SCHEMA PUBLIC
DISCONNECT
/*C89*/SET SCHEMA PUBLIC
DELETE FROM USUARIOS WHERE IDUSER=3
INSERT INTO USUARIOS VALUES(3,'Developer','9c24f45a7ea9e4668ee31dc18bd0a9153f1413ceb3fad18b0a07e16e6a9bc587','Alta','/res/imagenes/avatar_002.jpg','1')
COMMIT
DISCONNECT
/*C83*/SET SCHEMA PUBLIC
DISCONNECT
/*C71*/DELETE FROM BARRIO WHERE IDBARRIO=5
COMMIT
DELETE FROM LOCALIDAD WHERE IDLOCALIDAD=5
COMMIT
DELETE FROM PROVINCIA WHERE IDPROVINCIA=4
COMMIT
/*C98*/SET SCHEMA PUBLIC
DISCONNECT
/*C96*/SET SCHEMA PUBLIC
DISCONNECT
/*C94*/SET SCHEMA PUBLIC
DISCONNECT
/*C90*/SET SCHEMA PUBLIC
DISCONNECT
/*C92*/SET SCHEMA PUBLIC
DISCONNECT
/*C97*/SET SCHEMA PUBLIC
DISCONNECT
/*C95*/SET SCHEMA PUBLIC
DISCONNECT
/*C93*/SET SCHEMA PUBLIC
DISCONNECT
/*C99*/SET SCHEMA PUBLIC
DISCONNECT
/*C91*/SET SCHEMA PUBLIC
DISCONNECT
